2023-02-16 14:18:36 [INFO] [task_scheduler.cc:158] Initializing Task #6: "fused_layout_transform_3"
2023-02-16 14:18:36 [INFO] [task_scheduler.cc:35] 
# from tvm.script import tir as T
@tvm.script.ir_module
class Module:
    @T.prim_func
    def main(p0: T.Buffer[(1, 8, 28, 28, 64), "float32"], T_layout_trans: T.Buffer[(1, 16, 28, 28, 32), "float32"]):
        # function attr dict
        T.func_attr({"global_symbol": "main", "tir.noalias": True})
        # body
        # with T.block("root")
        for i0, i1, i2, i3, i4 in T.grid(1, 16, 28, 28, 32):
            with T.block("T_layout_trans"):
                ax0, ax1, ax2, ax3, ax4 = T.axis.remap("SSSSS", [i0, i1, i2, i3, i4])
                T.reads(p0[ax0, (ax1 * 32 + ax4) // 64, ax2, ax3, (ax1 * 32 + ax4) % 64])
                T.writes(T_layout_trans[ax0, ax1, ax2, ax3, ax4])
                T_layout_trans[ax0, ax1, ax2, ax3, ax4] = T.if_then_else(ax0 < 1 and ax1 * 32 + ax4 < 512 and ax2 < 28 and ax3 < 28, p0[ax0, (ax1 * 32 + ax4) // 64, ax2, ax3, (ax1 * 32 + ax4) % 64], T.float32(0), dtype="float32")
    

2023-02-16 14:18:36 [INFO] [task_scheduler.cc:162] Total 1 design space(s) generated
2023-02-16 14:18:36 [INFO] [task_scheduler.cc:168] Design space #0:
# from tvm.script import tir as T
@tvm.script.ir_module
class Module:
    @T.prim_func
    def main(p0: T.Buffer[(1, 8, 28, 28, 64), "float32"], T_layout_trans: T.Buffer[(1, 16, 28, 28, 32), "float32"]):
        # function attr dict
        T.func_attr({"global_symbol": "main", "tir.noalias": True})
        # body
        with T.block("root"):
            T.reads()
            T.writes()
            T.block_attr({"meta_schedule.parallel":96, "meta_schedule.vectorize":64})
            for i0, i1, i2, i3, i4 in T.grid(1, 16, 28, 28, 32):
                with T.block("T_layout_trans"):
                    ax0, ax1, ax2, ax3, ax4 = T.axis.remap("SSSSS", [i0, i1, i2, i3, i4])
                    T.reads(p0[ax0, (ax1 * 32 + ax4) // 64, ax2, ax3, (ax1 * 32 + ax4) % 64])
                    T.writes(T_layout_trans[ax0, ax1, ax2, ax3, ax4])
                    T_layout_trans[ax0, ax1, ax2, ax3, ax4] = T.if_then_else(ax0 < 1 and ax1 * 32 + ax4 < 512 and ax2 < 28 and ax3 < 28, p0[ax0, (ax1 * 32 + ax4) // 64, ax2, ax3, (ax1 * 32 + ax4) % 64], T.float32(0), dtype="float32")
    

b0 = sch.get_block(name="root", func_name="main")
sch.annotate(block_or_loop=b0, ann_key="meta_schedule.parallel", ann_val=96)
sch.annotate(block_or_loop=b0, ann_key="meta_schedule.vectorize", ann_val=64)
2023-02-16 14:20:37 [INFO] [task_scheduler.cc:158] Initializing Task #6: "fused_layout_transform_3"
2023-02-16 14:20:37 [INFO] [task_scheduler.cc:35] 
# from tvm.script import tir as T
@tvm.script.ir_module
class Module:
    @T.prim_func
    def main(p0: T.Buffer[(1, 8, 28, 28, 64), "float32"], T_layout_trans: T.Buffer[(1, 16, 28, 28, 32), "float32"]):
        # function attr dict
        T.func_attr({"global_symbol": "main", "tir.noalias": True})
        # body
        # with T.block("root")
        for i0, i1, i2, i3, i4 in T.grid(1, 16, 28, 28, 32):
            with T.block("T_layout_trans"):
                ax0, ax1, ax2, ax3, ax4 = T.axis.remap("SSSSS", [i0, i1, i2, i3, i4])
                T.reads(p0[ax0, (ax1 * 32 + ax4) // 64, ax2, ax3, (ax1 * 32 + ax4) % 64])
                T.writes(T_layout_trans[ax0, ax1, ax2, ax3, ax4])
                T_layout_trans[ax0, ax1, ax2, ax3, ax4] = T.if_then_else(ax0 < 1 and ax1 * 32 + ax4 < 512 and ax2 < 28 and ax3 < 28, p0[ax0, (ax1 * 32 + ax4) // 64, ax2, ax3, (ax1 * 32 + ax4) % 64], T.float32(0), dtype="float32")
    

2023-02-16 14:20:37 [INFO] [task_scheduler.cc:162] Total 1 design space(s) generated
2023-02-16 14:20:37 [INFO] [task_scheduler.cc:168] Design space #0:
# from tvm.script import tir as T
@tvm.script.ir_module
class Module:
    @T.prim_func
    def main(p0: T.Buffer[(1, 8, 28, 28, 64), "float32"], T_layout_trans: T.Buffer[(1, 16, 28, 28, 32), "float32"]):
        # function attr dict
        T.func_attr({"global_symbol": "main", "tir.noalias": True})
        # body
        with T.block("root"):
            T.reads()
            T.writes()
            T.block_attr({"meta_schedule.parallel":96, "meta_schedule.vectorize":64})
            for i0, i1, i2, i3, i4 in T.grid(1, 16, 28, 28, 32):
                with T.block("T_layout_trans"):
                    ax0, ax1, ax2, ax3, ax4 = T.axis.remap("SSSSS", [i0, i1, i2, i3, i4])
                    T.reads(p0[ax0, (ax1 * 32 + ax4) // 64, ax2, ax3, (ax1 * 32 + ax4) % 64])
                    T.writes(T_layout_trans[ax0, ax1, ax2, ax3, ax4])
                    T_layout_trans[ax0, ax1, ax2, ax3, ax4] = T.if_then_else(ax0 < 1 and ax1 * 32 + ax4 < 512 and ax2 < 28 and ax3 < 28, p0[ax0, (ax1 * 32 + ax4) // 64, ax2, ax3, (ax1 * 32 + ax4) % 64], T.float32(0), dtype="float32")
    

b0 = sch.get_block(name="root", func_name="main")
sch.annotate(block_or_loop=b0, ann_key="meta_schedule.parallel", ann_val=96)
sch.annotate(block_or_loop=b0, ann_key="meta_schedule.vectorize", ann_val=64)
2023-02-16 14:27:35 [INFO] [evolutionary_search.cc:713] Generating candidates......
2023-02-16 14:27:35 [INFO] [evolutionary_search.cc:715] Picked top 0 candidate(s) from database
2023-02-16 14:27:35 [INFO] [evolutionary_search.cc:533] Sample-Init-Population summary:
Postproc #0 [meta_schedule.DisallowDynamicLoop(0x1fed8978)]: 0 failure(s)
Postproc #1 [meta_schedule.RewriteParallelVectorizeUnroll(0x1fbd02f8)]: 0 failure(s)
Postproc #2 [meta_schedule.RewriteReductionBlock(0x20a63b58)]: 0 failure(s)
Postproc #3 [meta_schedule.RewriteLayout(0x3bc898e8)]: 0 failure(s)
2023-02-16 14:27:36 [INFO] [evolutionary_search.cc:723] Sampled 512 candidate(s)
2023-02-16 14:27:36 [INFO] [evolutionary_search.cc:621] Evolve iter #0 done. Summary:
Postproc #0 [meta_schedule.DisallowDynamicLoop(0x1fed8978)]: 0 failure(s)
Postproc #1 [meta_schedule.RewriteParallelVectorizeUnroll(0x1fbd02f8)]: 0 failure(s)
Postproc #2 [meta_schedule.RewriteReductionBlock(0x20a63b58)]: 0 failure(s)
Postproc #3 [meta_schedule.RewriteLayout(0x3bc898e8)]: 0 failure(s)
2023-02-16 14:27:36 [INFO] [evolutionary_search.cc:621] Evolve iter #1 done. Summary:
Postproc #0 [meta_schedule.DisallowDynamicLoop(0x1fed8978)]: 0 failure(s)
Postproc #1 [meta_schedule.RewriteParallelVectorizeUnroll(0x1fbd02f8)]: 0 failure(s)
Postproc #2 [meta_schedule.RewriteReductionBlock(0x20a63b58)]: 0 failure(s)
Postproc #3 [meta_schedule.RewriteLayout(0x3bc898e8)]: 0 failure(s)
2023-02-16 14:27:36 [INFO] [evolutionary_search.cc:621] Evolve iter #2 done. Summary:
Postproc #0 [meta_schedule.DisallowDynamicLoop(0x1fed8978)]: 0 failure(s)
Postproc #1 [meta_schedule.RewriteParallelVectorizeUnroll(0x1fbd02f8)]: 0 failure(s)
Postproc #2 [meta_schedule.RewriteReductionBlock(0x20a63b58)]: 0 failure(s)
Postproc #3 [meta_schedule.RewriteLayout(0x3bc898e8)]: 0 failure(s)
2023-02-16 14:27:36 [INFO] [evolutionary_search.cc:621] Evolve iter #3 done. Summary:
Postproc #0 [meta_schedule.DisallowDynamicLoop(0x1fed8978)]: 0 failure(s)
Postproc #1 [meta_schedule.RewriteParallelVectorizeUnroll(0x1fbd02f8)]: 0 failure(s)
Postproc #2 [meta_schedule.RewriteReductionBlock(0x20a63b58)]: 0 failure(s)
Postproc #3 [meta_schedule.RewriteLayout(0x3bc898e8)]: 0 failure(s)
2023-02-16 14:27:36 [INFO] [evolutionary_search.cc:649] Scores of the best 2 candidates:
[1 : 2]:	0.7023  0.2512
2023-02-16 14:27:36 [INFO] [evolutionary_search.cc:727] Got 2 candidate(s) with evolutionary search
2023-02-16 14:27:36 [INFO] [evolutionary_search.cc:730] Sending 2 candidates(s) for measurement
2023-02-16 15:36:13 [INFO] [task_scheduler.cc:129] [Task #6: fused_layout_transform_3] Trial #1: GFLOPs: 0.0000. Time: 23.5963 us. Best GFLOPs: 0.0000
2023-02-16 15:36:13 [INFO] [task_scheduler.cc:129] [Task #6: fused_layout_transform_3] Trial #2: GFLOPs: 0.0001. Time: 14.8950 us. Best GFLOPs: 0.0001
